[2021-07-20 21:44:09,980][tasks][28][ERROR][发送验证码短信[失败][ mobile: 19180525254/ ]]
[2021-07-20 21:45:16,092][tasks][28][ERROR][发送验证码短信[失败][ mobile: 19180525254/ ]]
[2021-07-20 21:45:43,887][tasks][26][INFO][发送验证码短信[正常][ mobile: 19180525254 ]]
[2021-07-20 21:47:26,363][tasks][26][INFO][发送验证码短信[正常][ mobile: 19180525254 ]]
[2021-07-20 21:49:04,710][tasks][26][INFO][发送验证码短信[正常][ mobile: 19180525254 ]]
[2021-07-20 21:50:37,617][tasks][26][INFO][发送验证码短信[正常][ mobile: 19180525254 ]]
[2021-07-20 21:52:37,748][tasks][26][INFO][发送验证码短信[正常][ mobile: 19180525254 ]]
[2021-07-20 21:53:49,570][tasks][26][INFO][发送验证码短信[正常][ mobile: 19180525254 ]]
[2021-07-20 21:55:17,170][tasks][26][INFO][发送验证码短信[正常][ mobile: 19180525254 ]]
[2021-07-20 21:58:43,993][tasks][26][INFO][发送验证码短信[正常][ mobile: 19180525254 ]]
[2021-07-20 21:59:54,610][tasks][26][INFO][发送验证码短信[正常][ mobile: 19180525254 ]]
[2021-07-20 22:07:31,199][tasks][27][INFO][发送验证码短信[正常][ mobile: 19180525254 ]]
[2021-07-21 09:37:32,185][tasks][27][INFO][发送验证码短信[正常][ mobile: 19180525254 ]]
[2021-07-22 11:55:44,043][views][53][INFO][成功获取到钉钉用户建哥哥的信息。]
[2021-07-22 13:27:22,858][tasks][27][INFO][发送验证码短信[正常][ mobile: 19180525254 ]]
[2021-07-22 16:01:12,098][tasks][27][INFO][发送验证码短信[正常][ mobile: 19180525254 ]]
[2021-07-22 20:46:05,588][tasks][27][INFO][发送验证码短信[正常][ mobile: 19180525254 ]]
[2021-07-22 21:08:24,128][tasks][27][INFO][发送验证码短信[正常][ mobile: 19180525254 ]]
[2021-07-22 21:16:54,218][tasks][27][INFO][发送验证码短信[正常][ mobile: 19180525254 ]]
[2021-07-22 22:12:50,088][tasks][27][INFO][发送验证码短信[正常][ mobile: 19180525254 ]]
[2021-07-23 19:16:03,424][views][53][INFO][成功获取到钉钉用户[建哥哥]的信息。]
[2021-07-24 00:03:47,115][views][57][INFO][成功获取到钉钉用户[建哥哥]的信息。]
[2021-07-24 00:04:16,861][views][57][INFO][成功获取到钉钉用户[建哥哥]的信息。]
[2021-07-24 00:06:15,281][views][57][INFO][成功获取到钉钉用户[建哥哥]的信息。]
[2021-07-24 00:09:35,687][views][57][INFO][成功获取到钉钉用户[建哥哥]的信息。]
[2021-07-24 00:11:05,897][views][57][INFO][成功获取到钉钉用户[建哥哥]的信息。]
[2021-07-24 00:12:51,181][views][57][INFO][成功获取到钉钉用户[建哥哥]的信息。]
[2021-07-24 00:15:08,247][views][57][INFO][成功获取到钉钉用户[建哥哥]的信息。]
[2021-07-24 00:20:45,775][views][57][INFO][成功获取到钉钉用户[建哥哥]的信息。]
[2021-07-24 00:26:15,942][views][57][INFO][成功获取到钉钉用户[建哥哥]的信息。]
[2021-07-24 00:34:21,078][views][57][INFO][成功获取到钉钉用户[建哥哥]的信息。]
[2021-07-24 00:35:07,286][views][57][INFO][成功获取到钉钉用户[建哥哥]的信息。]
[2021-07-24 00:41:21,377][views][57][INFO][成功获取到钉钉用户[建哥哥]的信息。]
[2021-07-24 00:44:36,959][views][57][INFO][成功获取到钉钉用户[建哥哥]的信息。]
[2021-07-24 00:44:47,568][tasks][27][INFO][发送验证码短信[正常][ mobile: 19180525254 ]]
[2021-07-24 00:50:07,412][views][57][INFO][成功获取到钉钉用户[建哥哥]的信息。]
[2021-07-24 00:50:33,872][tasks][27][INFO][发送验证码短信[正常][ mobile: 19180525254 ]]
[2021-07-24 00:53:49,582][views][57][INFO][成功获取到钉钉用户[建哥哥]的信息。]
[2021-07-24 00:54:07,385][tasks][27][INFO][发送验证码短信[正常][ mobile: 19180525254 ]]
[2021-07-24 01:03:08,991][views][57][INFO][成功获取到钉钉用户[建哥哥]的信息。]
[2021-07-24 01:03:21,983][tasks][27][INFO][发送验证码短信[正常][ mobile: 19180525254 ]]
[2021-07-24 01:09:43,032][tasks][27][INFO][发送验证码短信[正常][ mobile: 19180525254 ]]
[2021-07-24 14:40:08,090][views][57][INFO][成功获取到钉钉用户[建哥哥]的信息。]
[2021-07-24 19:06:33,913][tasks][27][INFO][发送验证码短信[正常][ mobile: 19180525254 ]]
[2021-07-24 19:10:29,899][views][57][INFO][成功获取到钉钉用户[建哥哥]的信息。]
[2021-07-24 19:12:43,749][views][57][INFO][成功获取到钉钉用户[建哥哥]的信息。]
[2021-07-24 19:13:16,479][views][57][INFO][成功获取到钉钉用户[黄樱巧]的信息。]
[2021-07-24 19:13:29,926][tasks][27][INFO][发送验证码短信[正常][ mobile: 13008324428 ]]
[2021-07-24 19:18:30,444][views][57][INFO][成功获取到钉钉用户[黄樱巧]的信息。]
[2021-07-24 19:19:23,032][tasks][27][INFO][发送验证码短信[正常][ mobile: 13008324428 ]]
[2021-07-24 19:34:21,435][views][57][INFO][成功获取到钉钉用户[建哥哥]的信息。]
[2021-07-24 19:34:22,141][views][74][INFO][钉钉用户[建哥哥]登陆成功]
[2021-07-24 23:39:09,049][tasks][27][INFO][发送验证码短信[正常][ mobile: 19180525254 ]]
[2021-07-24 23:40:07,837][views][64][INFO][用户[春花秋月]登陆成功]
[2021-07-24 23:40:18,358][tasks][27][INFO][发送验证码短信[正常][ mobile: 19180525254 ]]
[2021-07-24 23:40:37,088][views][83][INFO][用户[春花秋月]登陆成功]
[2021-07-24 23:41:02,273][views][57][INFO][成功获取到钉钉用户[建哥哥]的信息。]
[2021-07-24 23:41:03,742][views][74][INFO][钉钉用户[建哥哥]登陆成功]
[2021-07-25 00:37:31,790][tasks][27][INFO][发送验证码短信[正常][ mobile: 19180525254 ]]
[2021-07-25 00:38:38,951][tasks][27][INFO][发送验证码短信[正常][ mobile: 19180525254 ]]
[2021-07-25 00:39:01,760][views][83][INFO][用户[春花秋月]登陆成功]
[2021-07-25 13:40:22,525][views][64][INFO][用户[春花秋月]登陆成功]
[2021-07-25 13:46:49,356][views][64][INFO][用户[春花秋月]登陆成功]
[2021-07-25 23:50:59,058][views][64][INFO][用户[]登陆成功]
[2021-07-25 23:54:56,280][views][64][INFO][用户[]登陆成功]
[2021-07-25 23:56:11,822][views][64][INFO][用户[]登陆成功]
[2021-07-26 00:03:29,480][views][64][INFO][用户[admin]登陆成功]
[2021-07-26 00:04:58,236][views][64][INFO][用户[admin]登陆成功]
[2021-07-26 00:06:11,995][views][64][INFO][用户[admin]登陆成功]
[2021-07-26 00:07:32,432][views][64][INFO][用户[admin]登陆成功]
[2021-07-26 00:08:03,617][views][64][INFO][用户[admin]登陆成功]
[2021-07-26 00:08:39,363][views][64][INFO][用户[admin]登陆成功]
[2021-07-26 00:09:58,142][views][64][INFO][用户[admin]登陆成功]
[2021-07-26 00:15:19,363][views][64][INFO][用户[admin]登陆成功]
[2021-07-26 00:17:31,524][views][64][INFO][用户[admin]登陆成功]
[2021-07-26 00:18:31,024][views][64][INFO][用户[admin]登陆成功]
[2021-07-26 00:20:04,898][views][64][INFO][用户[admin]登陆成功]
[2021-07-26 00:21:18,914][views][64][INFO][用户[admin]登陆成功]
[2021-07-26 00:23:43,987][views][64][INFO][用户[admin]登陆成功]
[2021-07-26 00:24:23,466][views][64][INFO][用户[admin]登陆成功]
[2021-07-26 00:25:04,919][views][64][INFO][用户[admin]登陆成功]
[2021-07-26 00:25:53,960][views][64][INFO][用户[admin]登陆成功]
[2021-07-26 00:26:22,867][views][64][INFO][用户[admin]登陆成功]
[2021-07-26 00:26:55,579][views][64][INFO][用户[admin]登陆成功]
[2021-07-26 00:29:23,502][views][64][INFO][用户[admin]登陆成功]
[2021-07-26 00:29:42,054][views][64][INFO][用户[admin]登陆成功]
[2021-07-26 11:13:32,821][views][64][INFO][用户[admin]登陆成功]
[2021-07-26 11:14:11,808][views][64][INFO][用户[admin]登陆成功]
[2021-07-26 11:16:52,978][views][64][INFO][用户[admin]登陆成功]
[2021-07-26 11:17:26,974][views][64][INFO][用户[admin]登陆成功]
[2021-07-26 11:19:00,658][views][64][INFO][用户[admin]登陆成功]
[2021-07-26 11:20:53,146][views][64][INFO][用户[admin]登陆成功]
[2021-07-26 11:22:50,547][views][64][INFO][用户[admin]登陆成功]
[2021-07-26 12:11:31,962][views][64][INFO][用户[]登陆成功]
[2021-07-26 12:15:26,307][views][64][INFO][用户[]登陆成功]
[2021-07-26 12:15:47,657][views][64][INFO][用户[]登陆成功]
[2021-07-26 12:16:47,398][views][64][INFO][用户[]登陆成功]
[2021-07-26 12:18:49,303][views][64][INFO][用户[]登陆成功]
[2021-07-26 12:23:35,679][views][64][INFO][用户[]登陆成功]
[2021-07-26 12:30:09,107][views][64][INFO][用户[]登陆成功]
[2021-07-26 12:30:35,777][views][64][INFO][用户[]登陆成功]
[2021-07-26 13:05:07,901][views][64][INFO][用户[]登陆成功]
[2021-07-26 13:09:06,602][views][64][INFO][用户[]登陆成功]
[2021-07-26 13:10:18,953][views][64][INFO][用户[]登陆成功]
[2021-07-26 13:10:45,649][views][64][INFO][用户[]登陆成功]
[2021-07-26 13:11:49,822][views][64][INFO][用户[]登陆成功]
[2021-07-26 13:12:47,005][views][64][INFO][用户[]登陆成功]
[2021-07-26 13:27:05,883][views][64][INFO][用户[]登陆成功]
[2021-07-26 13:27:43,250][views][64][INFO][用户[]登陆成功]
[2021-07-26 13:28:07,524][views][64][INFO][用户[]登陆成功]
[2021-07-26 13:28:45,282][views][64][INFO][用户[]登陆成功]
[2021-07-26 13:29:22,214][views][64][INFO][用户[]登陆成功]
[2021-07-26 13:30:12,958][views][64][INFO][用户[]登陆成功]
[2021-07-26 13:31:04,975][views][64][INFO][用户[]登陆成功]
[2021-07-26 13:32:00,660][views][64][INFO][用户[]登陆成功]
[2021-07-26 13:34:43,253][views][64][INFO][用户[]登陆成功]
[2021-07-26 13:35:54,507][views][64][INFO][用户[]登陆成功]
[2021-07-26 13:36:23,832][views][64][INFO][用户[]登陆成功]
[2021-07-26 13:37:30,311][views][64][INFO][用户[]登陆成功]
[2021-07-26 14:24:17,600][views][57][INFO][成功获取到钉钉用户[建哥哥]的信息。]
[2021-07-26 14:25:47,047][tasks][27][INFO][发送验证码短信[正常][ mobile: 19180525254 ]]
[2021-07-26 17:20:20,644][views][64][INFO][用户[]登陆成功]
[2021-07-26 17:24:30,311][views][64][INFO][用户[管理员]登陆成功]
[2021-07-26 17:46:50,504][views][64][INFO][用户[]登陆成功]
[2021-07-26 18:04:00,612][views][57][INFO][成功获取到钉钉用户[建哥哥]的信息。]
[2021-07-26 18:04:19,966][tasks][27][INFO][发送验证码短信[正常][ mobile: 19180525254 ]]
[2021-07-26 18:22:49,772][views][64][INFO][用户[]登陆成功]
[2021-07-26 18:27:40,890][views][64][INFO][用户[建哥哥]登陆成功]
[2021-07-26 18:28:54,416][views][64][INFO][用户[建哥哥]登陆成功]
[2021-07-26 18:30:42,254][views][64][INFO][用户[建哥哥]登陆成功]
[2021-07-26 18:33:25,423][views][64][INFO][用户[建哥哥]登陆成功]
[2021-07-26 18:34:17,901][views][64][INFO][用户[建哥哥]登陆成功]
[2021-07-26 18:35:38,094][views][64][INFO][用户[建哥哥]登陆成功]
[2021-07-26 21:33:10,884][views][64][INFO][用户[建哥哥]登陆成功]
[2021-07-26 21:35:49,961][views][64][INFO][用户[建哥哥]登陆成功]
[2021-07-26 21:36:59,612][views][64][INFO][用户[建哥哥]登陆成功]
[2021-07-26 21:39:48,235][views][64][INFO][用户[建哥哥]登陆成功]
[2021-07-26 21:49:24,447][views][64][INFO][用户[建哥哥]登陆成功]
[2021-07-27 10:56:40,500][views][64][INFO][用户[建哥哥]登陆成功]
[2021-07-27 11:18:12,507][views][64][INFO][用户[建哥哥]登陆成功]
[2021-07-27 11:30:07,126][views][64][INFO][用户[建哥哥]登陆成功]
[2021-07-27 11:41:45,206][tasks][27][INFO][发送验证码短信[正常][ mobile: 19180525254 ]]
[2021-07-27 11:42:02,970][views][83][INFO][用户[建哥哥]登陆成功]
[2021-07-27 23:28:07,277][views][64][INFO][用户[建哥哥]登陆成功]
[2021-07-27 23:29:34,502][views][64][INFO][用户[建哥哥]登陆成功]
[2021-07-28 09:48:00,505][views][64][INFO][用户[建哥哥]登陆成功]
[2021-07-28 09:50:50,717][views][64][INFO][用户[建哥哥]登陆成功]
[2021-07-28 09:51:26,153][views][64][INFO][用户[建哥哥]登陆成功]
[2021-07-28 09:51:47,754][views][64][INFO][用户[建哥哥]登陆成功]
[2021-07-28 09:52:12,427][views][64][INFO][用户[建哥哥]登陆成功]
[2021-07-28 19:40:49,538][views][57][INFO][成功获取到钉钉用户[建哥哥]的信息。]
[2021-07-28 19:40:50,120][views][74][INFO][钉钉用户[建哥哥]登陆成功]
[2021-07-28 19:58:17,605][views][57][INFO][成功获取到钉钉用户[建哥哥]的信息。]
[2021-07-28 19:58:17,903][views][74][INFO][钉钉用户[建哥哥]登陆成功]
[2021-07-29 21:26:24,718][views][57][INFO][成功获取到钉钉用户[建哥哥]的信息。]
[2021-07-29 21:26:26,084][views][74][INFO][钉钉用户[建哥哥]登陆成功]
[2021-07-29 22:14:19,049][views][57][INFO][成功获取到钉钉用户[建哥哥]的信息。]
[2021-07-29 22:14:21,783][views][74][INFO][钉钉用户[建哥哥]登陆成功]
[2021-07-29 23:24:45,527][tasks][27][INFO][发送验证码短信[正常][ mobile: 19180525254 ]]
[2021-07-29 23:25:05,708][views][83][INFO][用户[建哥哥]登陆成功]
[2021-07-29 23:49:04,948][views][57][INFO][成功获取到钉钉用户[建哥哥]的信息。]
[2021-07-29 23:49:07,390][views][74][INFO][钉钉用户[建哥哥]登陆成功]
[2021-07-30 10:19:05,290][views][57][INFO][成功获取到钉钉用户[建哥哥]的信息。]
[2021-07-30 10:19:07,598][views][74][INFO][钉钉用户[建哥哥]登陆成功]
[2021-08-02 11:08:36,411][views][57][INFO][成功获取到钉钉用户[建哥哥]的信息。]
[2021-08-02 11:08:38,071][views][74][INFO][钉钉用户[建哥哥]登陆成功]
[2021-08-02 13:07:34,544][views][57][INFO][成功获取到钉钉用户[建哥哥]的信息。]
[2021-08-02 13:07:36,069][views][74][INFO][钉钉用户[建哥哥]登陆成功]
[2021-08-02 13:18:28,296][views][64][INFO][用户[]登陆成功]
[2021-08-02 13:18:47,980][views][64][INFO][用户[]登陆成功]
[2021-08-02 15:22:42,766][views][64][INFO][用户[]登陆成功]
[2021-08-02 15:22:53,402][views][64][INFO][用户[]登陆成功]
[2021-08-03 18:30:22,176][tasks][27][INFO][发送验证码短信[正常][ mobile: 19180525254 ]]
[2021-08-03 18:38:16,362][tasks][27][INFO][发送验证码短信[正常][ mobile: 19180525254 ]]
[2021-08-03 18:40:23,664][views][83][INFO][用户[建哥哥]登陆成功]
[2021-08-04 18:55:48,379][views][91][INFO][成功获取到钉钉用户[建哥哥]的信息。]
[2021-08-04 18:56:09,307][tasks][27][INFO][发送验证码短信[正常][ mobile: 19180525254 ]]
[2021-08-05 15:36:27,539][views][83][INFO][用户[管理员]登陆成功]
[2021-08-05 15:36:59,328][views][83][INFO][用户[管理员]登陆成功]
[2021-08-05 15:38:46,730][views][83][INFO][用户[管理员]登陆成功]
[2021-08-05 18:47:42,315][tasks][27][INFO][发送验证码短信[正常][ mobile: 19180525254 ]]
[2021-08-05 18:47:51,944][views][102][INFO][用户[建哥哥]登陆成功]
[2021-08-06 18:19:02,056][crons][11][INFO][执行定时任务: turn_test_job_status]
[2021-08-06 18:19:02,635][crons][28][INFO][完成定时任务: turn_test_job_status]
[2021-08-06 18:20:02,591][crons][11][INFO][执行定时任务: turn_test_job_status]
[2021-08-06 18:20:03,099][crons][28][INFO][完成定时任务: turn_test_job_status]
[2021-08-06 18:21:01,832][crons][11][INFO][执行定时任务: turn_test_job_status]
[2021-08-06 18:21:02,337][crons][28][INFO][完成定时任务: turn_test_job_status]
[2021-08-06 18:22:02,105][crons][11][INFO][执行定时任务: turn_test_job_status]
[2021-08-06 18:22:02,681][crons][28][INFO][完成定时任务: turn_test_job_status]
[2021-08-06 18:23:02,459][crons][11][INFO][执行定时任务: turn_test_job_status]
[2021-08-06 18:23:02,974][crons][28][INFO][完成定时任务: turn_test_job_status]
[2021-08-06 18:24:01,862][crons][11][INFO][执行定时任务: turn_test_job_status]
[2021-08-06 18:24:02,748][crons][28][INFO][完成定时任务: turn_test_job_status]
[2021-08-06 18:25:01,622][crons][11][INFO][执行定时任务: turn_test_job_status]
[2021-08-06 18:25:02,200][crons][28][INFO][完成定时任务: turn_test_job_status]
[2021-08-06 18:26:02,160][crons][11][INFO][执行定时任务: turn_test_job_status]
[2021-08-06 18:26:03,768][crons][28][INFO][完成定时任务: turn_test_job_status]
[2021-08-06 18:27:01,203][crons][11][INFO][执行定时任务: turn_test_job_status]
[2021-08-06 18:27:01,730][crons][28][INFO][完成定时任务: turn_test_job_status]
[2021-08-06 18:28:01,123][crons][11][INFO][执行定时任务: turn_test_job_status]
[2021-08-06 18:28:01,599][crons][28][INFO][完成定时任务: turn_test_job_status]
[2021-08-06 18:29:02,015][crons][11][INFO][执行定时任务: turn_test_job_status]
[2021-08-06 18:29:02,533][crons][28][INFO][完成定时任务: turn_test_job_status]
[2021-08-06 18:30:01,883][crons][11][INFO][执行定时任务: turn_test_job_status]
[2021-08-06 18:30:02,405][crons][28][INFO][完成定时任务: turn_test_job_status]
[2021-08-06 18:31:01,792][crons][11][INFO][执行定时任务: turn_test_job_status]
[2021-08-06 18:31:02,301][crons][28][INFO][完成定时任务: turn_test_job_status]
[2021-08-06 18:32:02,049][crons][11][INFO][执行定时任务: turn_test_job_status]
[2021-08-06 18:32:02,610][crons][28][INFO][完成定时任务: turn_test_job_status]
[2021-08-06 18:33:02,368][crons][11][INFO][执行定时任务: turn_test_job_status]
[2021-08-06 18:33:02,863][crons][28][INFO][完成定时任务: turn_test_job_status]
[2021-08-06 18:34:01,598][crons][11][INFO][执行定时任务: turn_test_job_status]
[2021-08-06 18:34:02,069][crons][28][INFO][完成定时任务: turn_test_job_status]
[2021-08-06 18:35:01,473][crons][11][INFO][执行定时任务: turn_test_job_status]
[2021-08-06 18:35:02,004][crons][28][INFO][完成定时任务: turn_test_job_status]
[2021-08-06 18:36:01,747][crons][11][INFO][执行定时任务: turn_test_job_status]
[2021-08-06 18:36:02,274][crons][28][INFO][完成定时任务: turn_test_job_status]
[2021-08-06 18:37:01,961][crons][11][INFO][执行定时任务: turn_test_job_status]
[2021-08-06 18:37:02,476][crons][28][INFO][完成定时任务: turn_test_job_status]
[2021-08-06 18:38:02,172][crons][11][INFO][执行定时任务: turn_test_job_status]
[2021-08-06 18:38:02,661][crons][28][INFO][完成定时任务: turn_test_job_status]
[2021-08-06 18:39:02,436][crons][11][INFO][执行定时任务: turn_test_job_status]
[2021-08-06 18:39:03,012][crons][28][INFO][完成定时任务: turn_test_job_status]
[2021-08-06 18:40:01,710][crons][11][INFO][执行定时任务: turn_test_job_status]
[2021-08-06 18:40:02,223][crons][28][INFO][完成定时任务: turn_test_job_status]
[2021-08-06 18:41:01,970][crons][11][INFO][执行定时任务: turn_test_job_status]
[2021-08-06 18:41:02,477][crons][28][INFO][完成定时任务: turn_test_job_status]
[2021-08-06 18:42:01,893][crons][11][INFO][执行定时任务: turn_test_job_status]
[2021-08-06 18:42:02,365][crons][28][INFO][完成定时任务: turn_test_job_status]
[2021-08-06 18:43:01,758][crons][11][INFO][执行定时任务: turn_test_job_status]
[2021-08-06 18:43:02,258][crons][28][INFO][完成定时任务: turn_test_job_status]
[2021-08-06 18:44:02,105][crons][11][INFO][执行定时任务: turn_test_job_status]
[2021-08-06 18:44:02,840][crons][28][INFO][完成定时任务: turn_test_job_status]
[2021-08-06 18:45:01,673][crons][11][INFO][执行定时任务: turn_test_job_status]
[2021-08-06 18:45:02,153][crons][28][INFO][完成定时任务: turn_test_job_status]
[2021-08-06 18:46:01,977][crons][11][INFO][执行定时任务: turn_test_job_status]
[2021-08-06 18:46:02,536][crons][28][INFO][完成定时任务: turn_test_job_status]
[2021-08-06 18:47:01,928][crons][11][INFO][执行定时任务: turn_test_job_status]
[2021-08-06 18:47:02,470][crons][28][INFO][完成定时任务: turn_test_job_status]
[2021-08-06 18:48:01,874][crons][11][INFO][执行定时任务: turn_test_job_status]
[2021-08-06 18:48:02,379][crons][28][INFO][完成定时任务: turn_test_job_status]
[2021-08-06 18:49:01,781][crons][11][INFO][执行定时任务: turn_test_job_status]
[2021-08-06 18:49:02,242][crons][28][INFO][完成定时任务: turn_test_job_status]
[2021-08-06 18:50:01,703][crons][11][INFO][执行定时任务: turn_test_job_status]
[2021-08-06 18:50:02,843][crons][28][INFO][完成定时任务: turn_test_job_status]
[2021-08-06 18:51:01,604][crons][11][INFO][执行定时任务: turn_test_job_status]
[2021-08-06 18:51:02,094][crons][28][INFO][完成定时任务: turn_test_job_status]
[2021-08-06 18:52:01,847][crons][11][INFO][执行定时任务: turn_test_job_status]
[2021-08-06 18:52:02,373][crons][28][INFO][完成定时任务: turn_test_job_status]
[2021-08-06 18:53:02,190][crons][11][INFO][执行定时任务: turn_test_job_status]
[2021-08-06 18:53:04,010][crons][28][INFO][完成定时任务: turn_test_job_status]
[2021-08-06 18:54:02,521][crons][11][INFO][执行定时任务: turn_test_job_status]
[2021-08-06 18:54:03,036][crons][28][INFO][完成定时任务: turn_test_job_status]
[2021-08-06 18:55:01,831][crons][11][INFO][执行定时任务: turn_test_job_status]
[2021-08-06 18:55:02,347][crons][28][INFO][完成定时任务: turn_test_job_status]
[2021-08-06 18:56:01,757][crons][11][INFO][执行定时任务: turn_test_job_status]
[2021-08-06 18:56:02,283][crons][28][INFO][完成定时任务: turn_test_job_status]
[2021-08-06 18:57:02,078][crons][11][INFO][执行定时任务: turn_test_job_status]
[2021-08-06 18:57:02,607][crons][28][INFO][完成定时任务: turn_test_job_status]
[2021-08-06 18:58:02,323][crons][11][INFO][执行定时任务: turn_test_job_status]
[2021-08-06 18:58:02,797][crons][28][INFO][完成定时任务: turn_test_job_status]
[2021-08-06 18:59:01,455][crons][11][INFO][执行定时任务: turn_test_job_status]
[2021-08-06 18:59:01,950][crons][28][INFO][完成定时任务: turn_test_job_status]
[2021-08-06 19:00:01,942][crons][11][INFO][执行定时任务: turn_test_job_status]
[2021-08-06 19:00:02,515][crons][28][INFO][完成定时任务: turn_test_job_status]
[2021-08-06 19:01:02,803][crons][11][INFO][执行定时任务: turn_test_job_status]
[2021-08-06 19:01:03,330][crons][28][INFO][完成定时任务: turn_test_job_status]
[2021-08-06 19:02:02,174][crons][11][INFO][执行定时任务: turn_test_job_status]
[2021-08-06 19:02:02,734][crons][28][INFO][完成定时任务: turn_test_job_status]
[2021-08-06 19:03:02,850][crons][11][INFO][执行定时任务: turn_test_job_status]
[2021-08-06 19:03:03,340][crons][28][INFO][完成定时任务: turn_test_job_status]
[2021-08-06 22:05:27,646][views][91][INFO][成功获取到钉钉用户[建哥哥]的信息。]
[2021-08-06 22:05:28,473][views][108][INFO][钉钉用户[建哥哥]登陆成功]
[2021-08-06 22:06:55,144][views][91][INFO][成功获取到钉钉用户[建哥哥]的信息。]
[2021-08-06 22:06:55,488][views][108][INFO][钉钉用户[建哥哥]登陆成功]
[2021-08-07 01:13:01,508][crons][11][INFO][执行定时任务: turn_test_job_status]
[2021-08-07 01:13:02,470][crons][28][INFO][完成定时任务: turn_test_job_status]
[2021-08-07 01:14:02,158][crons][11][INFO][执行定时任务: turn_test_job_status]
[2021-08-07 01:14:03,082][crons][28][INFO][完成定时任务: turn_test_job_status]
[2021-08-07 01:15:01,932][crons][11][INFO][执行定时任务: turn_test_job_status]
[2021-08-07 01:15:02,780][crons][28][INFO][完成定时任务: turn_test_job_status]
[2021-08-07 01:16:01,378][crons][11][INFO][执行定时任务: turn_test_job_status]
[2021-08-07 01:16:02,224][crons][28][INFO][完成定时任务: turn_test_job_status]
[2021-08-07 01:17:02,147][crons][11][INFO][执行定时任务: turn_test_job_status]
[2021-08-07 01:17:02,997][crons][28][INFO][完成定时任务: turn_test_job_status]
[2021-08-07 01:18:01,733][crons][11][INFO][执行定时任务: turn_test_job_status]
[2021-08-07 01:18:02,607][crons][28][INFO][完成定时任务: turn_test_job_status]
[2021-08-07 01:19:02,425][crons][11][INFO][执行定时任务: turn_test_job_status]
[2021-08-07 01:19:03,503][crons][28][INFO][完成定时任务: turn_test_job_status]
[2021-08-07 01:20:02,061][crons][11][INFO][执行定时任务: turn_test_job_status]
[2021-08-07 01:20:02,955][crons][28][INFO][完成定时任务: turn_test_job_status]
[2021-08-07 01:21:01,705][crons][11][INFO][执行定时任务: turn_test_job_status]
[2021-08-07 01:21:02,495][crons][28][INFO][完成定时任务: turn_test_job_status]
[2021-08-07 01:22:02,402][crons][11][INFO][执行定时任务: turn_test_job_status]
[2021-08-07 01:22:03,222][crons][28][INFO][完成定时任务: turn_test_job_status]
[2021-08-07 01:23:01,888][crons][11][INFO][执行定时任务: turn_test_job_status]
[2021-08-07 01:23:02,670][crons][28][INFO][完成定时任务: turn_test_job_status]
[2021-08-07 01:24:01,978][crons][11][INFO][执行定时任务: turn_test_job_status]
[2021-08-07 01:24:02,892][crons][28][INFO][完成定时任务: turn_test_job_status]
[2021-08-07 01:25:01,509][crons][11][INFO][执行定时任务: turn_test_job_status]
[2021-08-07 01:25:02,355][crons][28][INFO][完成定时任务: turn_test_job_status]
[2021-08-07 01:26:01,800][crons][11][INFO][执行定时任务: turn_test_job_status]
[2021-08-07 01:26:02,772][crons][28][INFO][完成定时任务: turn_test_job_status]
[2021-08-07 01:27:01,551][crons][11][INFO][执行定时任务: turn_test_job_status]
[2021-08-07 01:27:02,441][crons][28][INFO][完成定时任务: turn_test_job_status]
[2021-08-07 01:28:02,198][crons][11][INFO][执行定时任务: turn_test_job_status]
[2021-08-07 01:28:03,189][crons][28][INFO][完成定时任务: turn_test_job_status]
[2021-08-07 01:29:01,849][crons][11][INFO][执行定时任务: turn_test_job_status]
[2021-08-07 01:29:02,684][crons][28][INFO][完成定时任务: turn_test_job_status]
[2021-08-07 01:30:02,417][crons][11][INFO][执行定时任务: turn_test_job_status]
[2021-08-07 01:30:03,468][crons][28][INFO][完成定时任务: turn_test_job_status]
[2021-08-07 01:33:13,828][crons][11][INFO][执行定时任务: turn_test_job_status]
[2021-08-07 02:48:14,003][crons][11][INFO][执行定时任务: turn_test_job_status]
[2021-08-07 03:35:01,770][crons][11][INFO][执行定时任务: turn_test_job_status]
[2021-08-07 03:37:22,382][crons][11][INFO][执行定时任务: turn_test_job_status]
[2021-08-07 04:29:03,394][crons][11][INFO][执行定时任务: turn_test_job_status]
[2021-08-07 04:58:29,376][crons][11][INFO][执行定时任务: turn_test_job_status]
[2021-08-07 04:58:30,692][crons][11][INFO][执行定时任务: turn_test_job_status]
[2021-08-07 05:07:48,156][crons][11][INFO][执行定时任务: turn_test_job_status]
[2021-08-07 05:12:44,664][crons][11][INFO][执行定时任务: turn_test_job_status]
[2021-08-07 05:17:43,150][crons][11][INFO][执行定时任务: turn_test_job_status]
[2021-08-07 05:24:30,534][crons][11][INFO][执行定时任务: turn_test_job_status]
[2021-08-07 05:34:46,544][crons][11][INFO][执行定时任务: turn_test_job_status]
[2021-08-07 05:39:50,503][crons][11][INFO][执行定时任务: turn_test_job_status]
[2021-08-07 05:41:59,393][crons][11][INFO][执行定时任务: turn_test_job_status]
[2021-08-07 05:44:24,669][crons][11][INFO][执行定时任务: turn_test_job_status]
[2021-08-07 05:44:25,999][crons][11][INFO][执行定时任务: turn_test_job_status]
[2021-08-07 05:54:26,709][crons][11][INFO][执行定时任务: turn_test_job_status]
[2021-08-07 12:11:02,057][crons][11][INFO][执行定时任务: turn_test_job_status]
[2021-08-07 12:11:02,602][crons][28][INFO][完成定时任务: turn_test_job_status]
[2021-08-07 12:12:01,894][crons][11][INFO][执行定时任务: turn_test_job_status]
[2021-08-07 12:12:02,379][crons][28][INFO][完成定时任务: turn_test_job_status]
[2021-08-07 12:13:01,928][crons][11][INFO][执行定时任务: turn_test_job_status]
[2021-08-07 12:13:02,422][crons][28][INFO][完成定时任务: turn_test_job_status]
[2021-08-07 12:14:01,744][crons][11][INFO][执行定时任务: turn_test_job_status]
[2021-08-07 12:14:02,243][crons][28][INFO][完成定时任务: turn_test_job_status]
[2021-08-07 12:15:01,990][crons][11][INFO][执行定时任务: turn_test_job_status]
[2021-08-07 12:15:02,454][crons][28][INFO][完成定时任务: turn_test_job_status]
[2021-08-07 12:16:02,280][crons][11][INFO][执行定时任务: turn_test_job_status]
[2021-08-07 12:16:02,757][crons][28][INFO][完成定时任务: turn_test_job_status]
[2021-08-07 12:17:01,411][crons][11][INFO][执行定时任务: turn_test_job_status]
[2021-08-07 12:17:01,936][crons][28][INFO][完成定时任务: turn_test_job_status]
[2021-08-07 12:18:01,764][crons][11][INFO][执行定时任务: turn_test_job_status]
[2021-08-07 12:18:02,248][crons][28][INFO][完成定时任务: turn_test_job_status]
[2021-08-07 12:19:02,173][crons][11][INFO][执行定时任务: turn_test_job_status]
[2021-08-07 12:19:02,686][crons][28][INFO][完成定时任务: turn_test_job_status]
[2021-08-07 12:20:01,563][crons][11][INFO][执行定时任务: turn_test_job_status]
[2021-08-07 12:20:02,096][crons][28][INFO][完成定时任务: turn_test_job_status]
[2021-08-07 12:21:01,413][crons][11][INFO][执行定时任务: turn_test_job_status]
[2021-08-07 12:21:01,906][crons][28][INFO][完成定时任务: turn_test_job_status]
[2021-08-07 12:22:01,332][crons][11][INFO][执行定时任务: turn_test_job_status]
[2021-08-07 12:22:01,868][crons][28][INFO][完成定时任务: turn_test_job_status]
[2021-08-07 12:23:01,795][crons][11][INFO][执行定时任务: turn_test_job_status]
[2021-08-07 12:23:02,246][crons][28][INFO][完成定时任务: turn_test_job_status]
[2021-08-07 12:24:02,165][crons][11][INFO][执行定时任务: turn_test_job_status]
[2021-08-07 12:24:02,642][crons][28][INFO][完成定时任务: turn_test_job_status]
[2021-08-07 12:25:02,337][crons][11][INFO][执行定时任务: turn_test_job_status]
[2021-08-07 12:25:02,830][crons][28][INFO][完成定时任务: turn_test_job_status]
[2021-08-07 12:26:01,514][crons][11][INFO][执行定时任务: turn_test_job_status]
[2021-08-07 12:26:02,068][crons][28][INFO][完成定时任务: turn_test_job_status]
[2021-08-07 12:27:01,883][crons][11][INFO][执行定时任务: turn_test_job_status]
[2021-08-07 12:27:02,393][crons][28][INFO][完成定时任务: turn_test_job_status]
[2021-08-07 12:28:02,048][crons][11][INFO][执行定时任务: turn_test_job_status]
[2021-08-07 12:28:02,584][crons][28][INFO][完成定时任务: turn_test_job_status]
[2021-08-07 12:29:02,466][crons][11][INFO][执行定时任务: turn_test_job_status]
[2021-08-07 12:29:02,996][crons][28][INFO][完成定时任务: turn_test_job_status]
[2021-08-07 12:30:01,911][crons][11][INFO][执行定时任务: turn_test_job_status]
[2021-08-07 12:30:02,601][crons][28][INFO][完成定时任务: turn_test_job_status]
[2021-08-07 12:31:02,429][crons][11][INFO][执行定时任务: turn_test_job_status]
[2021-08-07 12:31:02,946][crons][28][INFO][完成定时任务: turn_test_job_status]
[2021-08-07 12:32:01,701][crons][11][INFO][执行定时任务: turn_test_job_status]
[2021-08-07 12:32:02,232][crons][28][INFO][完成定时任务: turn_test_job_status]
[2021-08-07 12:33:01,900][crons][11][INFO][执行定时任务: turn_test_job_status]
[2021-08-07 12:33:02,374][crons][28][INFO][完成定时任务: turn_test_job_status]
[2021-08-07 12:34:02,098][crons][11][INFO][执行定时任务: turn_test_job_status]
[2021-08-07 12:34:02,580][crons][28][INFO][完成定时任务: turn_test_job_status]
[2021-08-07 12:35:02,307][crons][11][INFO][执行定时任务: turn_test_job_status]
[2021-08-07 12:35:02,816][crons][28][INFO][完成定时任务: turn_test_job_status]
[2021-08-07 12:36:01,527][crons][11][INFO][执行定时任务: turn_test_job_status]
[2021-08-07 12:36:02,027][crons][28][INFO][完成定时任务: turn_test_job_status]
[2021-08-07 12:37:01,819][crons][11][INFO][执行定时任务: turn_test_job_status]
[2021-08-07 12:37:02,327][crons][28][INFO][完成定时任务: turn_test_job_status]
[2021-08-07 12:38:02,171][crons][11][INFO][执行定时任务: turn_test_job_status]
[2021-08-07 12:38:02,698][crons][28][INFO][完成定时任务: turn_test_job_status]
[2021-08-07 12:39:02,586][crons][11][INFO][执行定时任务: turn_test_job_status]
[2021-08-07 12:39:03,103][crons][28][INFO][完成定时任务: turn_test_job_status]
[2021-08-07 12:40:01,883][crons][11][INFO][执行定时任务: turn_test_job_status]
[2021-08-07 12:40:02,388][crons][28][INFO][完成定时任务: turn_test_job_status]
[2021-08-07 12:41:02,045][crons][11][INFO][执行定时任务: turn_test_job_status]
[2021-08-07 12:41:02,552][crons][28][INFO][完成定时任务: turn_test_job_status]
[2021-08-07 12:42:02,598][crons][11][INFO][执行定时任务: turn_test_job_status]
[2021-08-07 12:42:03,329][crons][28][INFO][完成定时任务: turn_test_job_status]
[2021-08-07 12:43:02,157][crons][11][INFO][执行定时任务: turn_test_job_status]
[2021-08-07 12:43:02,651][crons][28][INFO][完成定时任务: turn_test_job_status]
[2021-08-07 12:44:02,343][crons][11][INFO][执行定时任务: turn_test_job_status]
[2021-08-07 12:44:02,863][crons][28][INFO][完成定时任务: turn_test_job_status]
[2021-08-07 12:45:01,772][crons][11][INFO][执行定时任务: turn_test_job_status]
[2021-08-07 12:45:02,267][crons][28][INFO][完成定时任务: turn_test_job_status]
[2021-08-07 12:46:02,050][crons][11][INFO][执行定时任务: turn_test_job_status]
[2021-08-07 12:46:02,580][crons][28][INFO][完成定时任务: turn_test_job_status]
[2021-08-07 12:47:02,402][crons][11][INFO][执行定时任务: turn_test_job_status]
[2021-08-07 12:47:02,905][crons][28][INFO][完成定时任务: turn_test_job_status]
[2021-08-07 12:48:01,676][crons][11][INFO][执行定时任务: turn_test_job_status]
[2021-08-07 12:48:02,182][crons][28][INFO][完成定时任务: turn_test_job_status]
[2021-08-07 12:49:01,822][crons][11][INFO][执行定时任务: turn_test_job_status]
[2021-08-07 12:49:02,341][crons][28][INFO][完成定时任务: turn_test_job_status]
[2021-08-07 12:50:02,311][crons][11][INFO][执行定时任务: turn_test_job_status]
[2021-08-07 12:50:02,810][crons][28][INFO][完成定时任务: turn_test_job_status]
[2021-08-07 12:51:01,486][crons][11][INFO][执行定时任务: turn_test_job_status]
[2021-08-07 12:51:02,012][crons][28][INFO][完成定时任务: turn_test_job_status]
[2021-08-07 12:52:01,815][crons][11][INFO][执行定时任务: turn_test_job_status]
[2021-08-07 12:52:02,409][crons][28][INFO][完成定时任务: turn_test_job_status]
[2021-08-07 12:53:02,472][crons][11][INFO][执行定时任务: turn_test_job_status]
[2021-08-07 12:53:02,986][crons][28][INFO][完成定时任务: turn_test_job_status]
[2021-08-07 12:54:01,837][crons][11][INFO][执行定时任务: turn_test_job_status]
[2021-08-07 12:54:02,368][crons][28][INFO][完成定时任务: turn_test_job_status]
[2021-08-07 12:55:02,233][crons][11][INFO][执行定时任务: turn_test_job_status]
[2021-08-07 12:55:02,838][crons][28][INFO][完成定时任务: turn_test_job_status]
[2021-08-07 12:56:01,886][crons][11][INFO][执行定时任务: turn_test_job_status]
[2021-08-07 12:56:02,380][crons][28][INFO][完成定时任务: turn_test_job_status]
[2021-08-07 12:57:02,245][crons][11][INFO][执行定时任务: turn_test_job_status]
[2021-08-07 12:57:02,722][crons][28][INFO][完成定时任务: turn_test_job_status]
[2021-08-07 12:58:02,782][crons][11][INFO][执行定时任务: turn_test_job_status]
[2021-08-07 12:58:03,264][crons][28][INFO][完成定时任务: turn_test_job_status]
[2021-08-07 12:59:02,267][crons][11][INFO][执行定时任务: turn_test_job_status]
[2021-08-07 12:59:02,766][crons][28][INFO][完成定时任务: turn_test_job_status]
[2021-08-07 13:00:01,691][crons][11][INFO][执行定时任务: turn_test_job_status]
[2021-08-07 13:00:02,207][crons][28][INFO][完成定时任务: turn_test_job_status]
[2021-08-07 13:01:02,060][crons][11][INFO][执行定时任务: turn_test_job_status]
[2021-08-07 13:01:02,548][crons][28][INFO][完成定时任务: turn_test_job_status]
[2021-08-07 13:02:02,551][crons][11][INFO][执行定时任务: turn_test_job_status]
[2021-08-07 13:02:03,024][crons][28][INFO][完成定时任务: turn_test_job_status]
[2021-08-07 13:03:01,829][crons][11][INFO][执行定时任务: turn_test_job_status]
[2021-08-07 13:03:02,320][crons][28][INFO][完成定时任务: turn_test_job_status]
[2021-08-07 13:04:02,051][crons][11][INFO][执行定时任务: turn_test_job_status]
[2021-08-07 13:04:02,527][crons][28][INFO][完成定时任务: turn_test_job_status]
[2021-08-07 13:05:02,273][crons][11][INFO][执行定时任务: turn_test_job_status]
[2021-08-07 13:05:02,776][crons][28][INFO][完成定时任务: turn_test_job_status]
[2021-08-07 13:06:01,236][crons][11][INFO][执行定时任务: turn_test_job_status]
[2021-08-07 13:06:01,788][crons][28][INFO][完成定时任务: turn_test_job_status]
[2021-08-07 13:07:01,466][crons][11][INFO][执行定时任务: turn_test_job_status]
[2021-08-07 13:07:02,011][crons][28][INFO][完成定时任务: turn_test_job_status]
[2021-08-07 13:08:01,718][crons][11][INFO][执行定时任务: turn_test_job_status]
[2021-08-07 13:08:02,193][crons][28][INFO][完成定时任务: turn_test_job_status]
[2021-08-07 13:09:01,925][crons][11][INFO][执行定时任务: turn_test_job_status]
[2021-08-07 13:09:02,454][crons][28][INFO][完成定时任务: turn_test_job_status]
[2021-08-07 13:10:02,368][crons][11][INFO][执行定时任务: turn_test_job_status]
[2021-08-07 13:10:02,872][crons][28][INFO][完成定时任务: turn_test_job_status]
[2021-08-07 13:11:01,902][crons][11][INFO][执行定时任务: turn_test_job_status]
[2021-08-07 13:11:02,551][crons][28][INFO][完成定时任务: turn_test_job_status]
[2021-08-07 13:12:02,485][crons][11][INFO][执行定时任务: turn_test_job_status]
[2021-08-07 13:12:02,992][crons][28][INFO][完成定时任务: turn_test_job_status]
[2021-08-07 13:13:01,648][crons][11][INFO][执行定时任务: turn_test_job_status]
[2021-08-07 13:13:02,134][crons][28][INFO][完成定时任务: turn_test_job_status]
[2021-08-07 13:14:01,802][crons][11][INFO][执行定时任务: turn_test_job_status]
[2021-08-07 13:14:02,364][crons][28][INFO][完成定时任务: turn_test_job_status]
[2021-08-07 13:15:02,424][crons][11][INFO][执行定时任务: turn_test_job_status]
[2021-08-07 13:15:04,783][crons][28][INFO][完成定时任务: turn_test_job_status]
[2021-08-07 13:16:02,030][crons][11][INFO][执行定时任务: turn_test_job_status]
[2021-08-07 13:16:02,546][crons][28][INFO][完成定时任务: turn_test_job_status]
[2021-08-07 13:17:01,942][crons][11][INFO][执行定时任务: turn_test_job_status]
[2021-08-07 13:17:02,420][crons][28][INFO][完成定时任务: turn_test_job_status]
[2021-08-07 17:23:01,571][crons][11][INFO][执行定时任务: turn_test_job_status]
[2021-08-07 17:23:02,106][crons][28][INFO][完成定时任务: turn_test_job_status]
[2021-08-07 22:30:01,686][crons][11][INFO][执行定时任务: turn_test_job_status]
[2021-08-07 22:30:02,244][crons][28][INFO][完成定时任务: turn_test_job_status]
[2021-08-07 22:31:02,032][crons][11][INFO][执行定时任务: turn_test_job_status]
[2021-08-07 22:31:02,533][crons][28][INFO][完成定时任务: turn_test_job_status]
[2021-08-07 22:32:02,624][crons][11][INFO][执行定时任务: turn_test_job_status]
[2021-08-07 22:32:03,169][crons][28][INFO][完成定时任务: turn_test_job_status]
[2021-08-09 19:31:29,526][views][91][INFO][成功获取到钉钉用户[建哥哥]的信息。]
[2021-08-09 19:31:30,616][views][108][INFO][钉钉用户[建哥哥]登陆成功]
[2021-08-11 11:13:38,527][views][95][INFO][成功获取到钉钉用户[建哥哥]的信息。]
[2021-08-11 11:13:38,902][views][112][INFO][钉钉用户[建哥哥]登陆成功]
[2021-08-14 00:45:23,564][views][95][INFO][成功获取到钉钉用户[建哥哥]的信息。]
[2021-08-14 00:45:24,313][views][112][INFO][钉钉用户[建哥哥]登陆成功]
[2021-08-19 08:28:15,335][views][95][INFO][成功获取到钉钉用户[建哥哥]的信息。]
[2021-08-19 08:28:17,211][views][112][INFO][钉钉用户[建哥哥]登陆成功]
[2021-08-19 21:11:27,831][views][95][INFO][成功获取到钉钉用户[建哥哥]的信息。]
[2021-08-19 21:11:28,542][views][112][INFO][钉钉用户[建哥哥]登陆成功]
[2021-08-22 13:21:49,342][views][95][INFO][成功获取到钉钉用户[建哥哥]的信息。]
[2021-08-22 13:21:51,221][views][112][INFO][钉钉用户[建哥哥]登陆成功]
[2021-08-24 10:49:17,254][views][95][INFO][成功获取到钉钉用户[建哥哥]的信息。]
[2021-08-24 10:49:17,648][views][112][INFO][钉钉用户[建哥哥]登陆成功]
[2021-08-24 15:50:37,851][views][95][INFO][成功获取到钉钉用户[建哥哥]的信息。]
[2021-08-24 15:50:38,189][views][112][INFO][钉钉用户[建哥哥]登陆成功]
[2021-08-24 15:54:08,646][views][95][INFO][成功获取到钉钉用户[建哥哥]的信息。]
[2021-08-24 15:54:08,962][views][112][INFO][钉钉用户[建哥哥]登陆成功]
[2021-08-24 15:58:36,407][tasks][27][INFO][发送验证码短信[正常][ mobile: 19180525254 ]]
[2021-08-24 16:00:22,578][tasks][27][INFO][发送验证码短信[正常][ mobile: 19180525254 ]]
[2021-08-24 16:02:49,574][views][95][INFO][成功获取到钉钉用户[建哥哥]的信息。]
[2021-08-24 16:02:49,966][views][112][INFO][钉钉用户[建哥哥]登陆成功]
[2021-08-24 16:10:32,215][views][81][ERROR][缺少code码，登录失败。]
[2021-08-24 16:11:12,851][views][81][ERROR][缺少code码，登录失败。]
[2021-08-28 17:51:54,450][tasks][27][INFO][发送验证码短信[正常][ mobile: 19180525254 ]]
[2021-08-28 17:52:58,910][views][105][INFO][用户[建哥哥]登陆成功]
[2021-08-28 17:58:03,032][tasks][27][INFO][发送验证码短信[正常][ mobile: 19180525254 ]]
[2021-08-28 18:29:29,597][views][81][ERROR][缺少code码，登录失败。]
[2021-08-28 18:30:21,133][views][81][ERROR][缺少code码，登录失败。]
[2021-08-28 18:35:55,307][views][81][ERROR][缺少code码，登录失败。]
[2021-08-28 18:36:19,789][views][81][ERROR][缺少code码，登录失败。]
[2021-08-28 18:36:24,002][views][81][ERROR][缺少code码，登录失败。]
[2021-08-28 18:41:38,293][views][95][INFO][成功获取到钉钉用户[建哥哥]的信息。]
[2021-08-28 18:41:38,645][views][112][INFO][钉钉用户[建哥哥]登陆成功]
[2021-08-28 18:43:43,259][tasks][27][INFO][发送验证码短信[正常][ mobile: 19180525254 ]]
[2021-08-28 18:44:00,370][views][105][INFO][用户[建哥哥]登陆成功]
[2021-08-28 22:03:12,234][views][95][INFO][成功获取到钉钉用户[建哥哥]的信息。]
[2021-08-28 22:03:12,631][views][112][INFO][钉钉用户[建哥哥]登陆成功]
[2021-09-01 12:14:09,410][views][95][INFO][成功获取到钉钉用户[建哥哥]的信息。]
[2021-09-01 12:14:10,508][views][112][INFO][钉钉用户[建哥哥]登陆成功]
[2021-09-05 22:47:47,963][tasks][27][INFO][发送验证码短信[正常][ mobile: 19180525254 ]]
